# JRE version: OpenJDK Runtime Environment Temurin-21.0.6+7 (21.0.6+7) (build 21.0.6+7-LTS)
# Java VM: OpenJDK 64-Bit Server VM Temurin-21.0.6+7 (21.0.6+7-LTS, mixed mode, sharing, tiered, compressed oops, compressed class ptrs, parallel gc, linux-amd64)
GC Precious Log:
 CardTable entry size: 512
 CPUs: 2 total, 2 available
 Memory: 7824M
 Large Page Support: Disabled
 NUMA Support: Disabled
 Compressed Oops: Enabled (32-bit)
 Alignments: Space 512K, Generation 512K, Heap 2M
 Heap Min Capacity: 100M
 Heap Initial Capacity: 100M
 Heap Max Capacity: 1G
 Pre-touch: Disabled
 Parallel Workers: 2
Heap:
 PSYoungGen      total 20480K, used 20228K [0x00000000eab00000, 0x00000000ec300000, 0x0000000100000000)
  eden space 17920K, 100% used [0x00000000eab00000,0x00000000ebc80000,0x00000000ebc80000)
  from space 2560K, 90% used [0x00000000ec080000,0x00000000ec2c10f8,0x00000000ec300000)
  to   space 3072K, 0% used [0x00000000ebd00000,0x00000000ebd00000,0x00000000ec000000)
 ParOldGen       total 68608K, used 47499K [0x00000000c0000000, 0x00000000c4300000, 0x00000000eab00000)
  object space 68608K, 69% used [0x00000000c0000000,0x00000000c2e62e90,0x00000000c4300000)
 Metaspace       used 46131K, committed 47296K, reserved 1114112K
  class space    used 4852K, committed 5376K, reserved 1048576K
GC Heap History (20 events):
Event: 17,683 GC heap before
{Heap before GC invocations=19 (full 2):
 PSYoungGen      total 24064K, used 23584K [0x00000000eab00000, 0x00000000ec800000, 0x0000000100000000)
  eden space 22016K, 100% used [0x00000000eab00000,0x00000000ec080000,0x00000000ec080000)
  from space 2048K, 76% used [0x00000000ec600000,0x00000000ec788060,0x00000000ec800000)
  to   space 2560K, 0% used [0x00000000ec300000,0x00000000ec300000,0x00000000ec580000)
 ParOldGen       total 68608K, used 22005K [0x00000000c0000000, 0x00000000c4300000, 0x00000000eab00000)
  object space 68608K, 32% used [0x00000000c0000000,0x00000000c157d780,0x00000000c4300000)
 Metaspace       used 42155K, committed 43328K, reserved 1114112K
  class space    used 4376K, committed 4928K, reserved 1048576K
}
Event: 17,694 GC heap after
{Heap after GC invocations=19 (full 2):
 PSYoungGen      total 24576K, used 2245K [0x00000000eab00000, 0x00000000ec680000, 0x0000000100000000)
  eden space 22016K, 0% used [0x00000000eab00000,0x00000000eab00000,0x00000000ec080000)
  from space 2560K, 87% used [0x00000000ec300000,0x00000000ec5317c0,0x00000000ec580000)
  to   space 1024K, 0% used [0x00000000ec580000,0x00000000ec580000,0x00000000ec680000)
 ParOldGen       total 68608K, used 23477K [0x00000000c0000000, 0x00000000c4300000, 0x00000000eab00000)
  object space 68608K, 34% used [0x00000000c0000000,0x00000000c16ed7e0,0x00000000c4300000)
 Metaspace       used 42155K, committed 43328K, reserved 1114112K
  class space    used 4376K, committed 4928K, reserved 1048576K
}
Event: 17,971 GC heap before
{Heap before GC invocations=20 (full 2):
 PSYoungGen      total 24576K, used 24261K [0x00000000eab00000, 0x00000000ec680000, 0x0000000100000000)
  eden space 22016K, 100% used [0x00000000eab00000,0x00000000ec080000,0x00000000ec080000)
  from space 2560K, 87% used [0x00000000ec300000,0x00000000ec5317c0,0x00000000ec580000)
  to   space 1024K, 0% used [0x00000000ec580000,0x00000000ec580000,0x00000000ec680000)
 ParOldGen       total 68608K, used 23477K [0x00000000c0000000, 0x00000000c4300000, 0x00000000eab00000)
  object space 68608K, 34% used [0x00000000c0000000,0x00000000c16ed7e0,0x00000000c4300000)
 Metaspace       used 42880K, committed 44032K, reserved 1114112K
  class space    used 4454K, committed 4992K, reserved 1048576K
}
Event: 17,986 GC heap after
{Heap after GC invocations=20 (full 2):
 PSYoungGen      total 23040K, used 1004K [0x00000000eab00000, 0x00000000eca80000, 0x0000000100000000)
  eden space 22016K, 0% used [0x00000000eab00000,0x00000000eab00000,0x00000000ec080000)
  from space 1024K, 98% used [0x00000000ec580000,0x00000000ec67b008,0x00000000ec680000)
  to   space 5120K, 0% used [0x00000000ec080000,0x00000000ec080000,0x00000000ec580000)
 ParOldGen       total 68608K, used 27061K [0x00000000c0000000, 0x00000000c4300000, 0x00000000eab00000)
  object space 68608K, 39% used [0x00000000c0000000,0x00000000c1a6d428,0x00000000c4300000)
 Metaspace       used 42880K, committed 44032K, reserved 1114112K
  class space    used 4454K, committed 4992K, reserved 1048576K
}
Event: 18,280 GC heap before
{Heap before GC invocations=21 (full 2):
 PSYoungGen      total 23040K, used 23020K [0x00000000eab00000, 0x00000000eca80000, 0x0000000100000000)
  eden space 22016K, 100% used [0x00000000eab00000,0x00000000ec080000,0x00000000ec080000)
  from space 1024K, 98% used [0x00000000ec580000,0x00000000ec67b008,0x00000000ec680000)
  to   space 5120K, 0% used [0x00000000ec080000,0x00000000ec080000,0x00000000ec580000)
 ParOldGen       total 68608K, used 27061K [0x00000000c0000000, 0x00000000c4300000, 0x00000000eab00000)
  object space 68608K, 39% used [0x00000000c0000000,0x00000000c1a6d428,0x00000000c4300000)
 Metaspace       used 43875K, committed 45056K, reserved 1114112K
  class space    used 4588K, committed 5120K, reserved 1048576K
}
Event: 18,290 GC heap after
{Heap after GC invocations=21 (full 2):
 PSYoungGen      total 25088K, used 2873K [0x00000000eab00000, 0x00000000ec780000, 0x0000000100000000)
  eden space 22016K, 0% used [0x00000000eab00000,0x00000000eab00000,0x00000000ec080000)
  from space 3072K, 93% used [0x00000000ec080000,0x00000000ec34e638,0x00000000ec380000)
  to   space 3584K, 0% used [0x00000000ec400000,0x00000000ec400000,0x00000000ec780000)
 ParOldGen       total 68608K, used 27987K [0x00000000c0000000, 0x00000000c4300000, 0x00000000eab00000)
  object space 68608K, 40% used [0x00000000c0000000,0x00000000c1b54ca8,0x00000000c4300000)
 Metaspace       used 43875K, committed 45056K, reserved 1114112K
  class space    used 4588K, committed 5120K, reserved 1048576K
}
Event: 18,525 GC heap before
{Heap before GC invocations=22 (full 2):
 PSYoungGen      total 25088K, used 24889K [0x00000000eab00000, 0x00000000ec780000, 0x0000000100000000)
  eden space 22016K, 100% used [0x00000000eab00000,0x00000000ec080000,0x00000000ec080000)
  from space 3072K, 93% used [0x00000000ec080000,0x00000000ec34e638,0x00000000ec380000)
  to   space 3584K, 0% used [0x00000000ec400000,0x00000000ec400000,0x00000000ec780000)
 ParOldGen       total 68608K, used 27987K [0x00000000c0000000, 0x00000000c4300000, 0x00000000eab00000)
  object space 68608K, 40% used [0x00000000c0000000,0x00000000c1b54ca8,0x00000000c4300000)
 Metaspace       used 44226K, committed 45440K, reserved 1114112K
  class space    used 4636K, committed 5184K, reserved 1048576K
}
Event: 18,537 GC heap after
{Heap after GC invocations=22 (full 2):
 PSYoungGen      total 25088K, used 2836K [0x00000000eab00000, 0x00000000ec700000, 0x0000000100000000)
  eden space 22016K, 0% used [0x00000000eab00000,0x00000000eab00000,0x00000000ec080000)
  from space 3072K, 92% used [0x00000000ec400000,0x00000000ec6c51e0,0x00000000ec700000)
  to   space 3072K, 0% used [0x00000000ec080000,0x00000000ec080000,0x00000000ec380000)
 ParOldGen       total 68608K, used 30766K [0x00000000c0000000, 0x00000000c4300000, 0x00000000eab00000)
  object space 68608K, 44% used [0x00000000c0000000,0x00000000c1e0b910,0x00000000c4300000)
 Metaspace       used 44226K, committed 45440K, reserved 1114112K
  class space    used 4636K, committed 5184K, reserved 1048576K
}
Event: 18,762 GC heap before
{Heap before GC invocations=23 (full 2):
 PSYoungGen      total 25088K, used 24852K [0x00000000eab00000, 0x00000000ec700000, 0x0000000100000000)
  eden space 22016K, 100% used [0x00000000eab00000,0x00000000ec080000,0x00000000ec080000)
  from space 3072K, 92% used [0x00000000ec400000,0x00000000ec6c51e0,0x00000000ec700000)
  to   space 3072K, 0% used [0x00000000ec080000,0x00000000ec080000,0x00000000ec380000)
 ParOldGen       total 68608K, used 30766K [0x00000000c0000000, 0x00000000c4300000, 0x00000000eab00000)
  object space 68608K, 44% used [0x00000000c0000000,0x00000000c1e0b910,0x00000000c4300000)
 Metaspace       used 44544K, committed 45696K, reserved 1114112K
  class space    used 4677K, committed 5184K, reserved 1048576K
}
Event: 18,776 GC heap after
{Heap after GC invocations=23 (full 2):
 PSYoungGen      total 25088K, used 2815K [0x00000000eab00000, 0x00000000ec680000, 0x0000000100000000)
  eden space 22016K, 0% used [0x00000000eab00000,0x00000000eab00000,0x00000000ec080000)
  from space 3072K, 91% used [0x00000000ec080000,0x00000000ec33ff58,0x00000000ec380000)
  to   space 3072K, 0% used [0x00000000ec380000,0x00000000ec380000,0x00000000ec680000)
 ParOldGen       total 68608K, used 33554K [0x00000000c0000000, 0x00000000c4300000, 0x00000000eab00000)
  object space 68608K, 48% used [0x00000000c0000000,0x00000000c20c48e0,0x00000000c4300000)
 Metaspace       used 44544K, committed 45696K, reserved 1114112K
  class space    used 4677K, committed 5184K, reserved 1048576K
}
Event: 18,942 GC heap before
{Heap before GC invocations=24 (full 2):
 PSYoungGen      total 25088K, used 24831K [0x00000000eab00000, 0x00000000ec680000, 0x0000000100000000)
  eden space 22016K, 100% used [0x00000000eab00000,0x00000000ec080000,0x00000000ec080000)
  from space 3072K, 91% used [0x00000000ec080000,0x00000000ec33ff58,0x00000000ec380000)
  to   space 3072K, 0% used [0x00000000ec380000,0x00000000ec380000,0x00000000ec680000)
 ParOldGen       total 68608K, used 33554K [0x00000000c0000000, 0x00000000c4300000, 0x00000000eab00000)
  object space 68608K, 48% used [0x00000000c0000000,0x00000000c20c48e0,0x00000000c4300000)
 Metaspace       used 44858K, committed 46016K, reserved 1114112K
  class space    used 4726K, committed 5248K, reserved 1048576K
}
Event: 18,961 GC heap after
{Heap after GC invocations=24 (full 2):
 PSYoungGen      total 24576K, used 3042K [0x00000000eab00000, 0x00000000ec780000, 0x0000000100000000)
  eden space 21504K, 0% used [0x00000000eab00000,0x00000000eab00000,0x00000000ec000000)
  from space 3072K, 99% used [0x00000000ec380000,0x00000000ec678860,0x00000000ec680000)
  to   space 3584K, 0% used [0x00000000ec000000,0x00000000ec000000,0x00000000ec380000)
 ParOldGen       total 68608K, used 36251K [0x00000000c0000000, 0x00000000c4300000, 0x00000000eab00000)
  object space 68608K, 52% used [0x00000000c0000000,0x00000000c2366d08,0x00000000c4300000)
 Metaspace       used 44858K, committed 46016K, reserved 1114112K
  class space    used 4726K, committed 5248K, reserved 1048576K
}
Event: 19,130 GC heap before
{Heap before GC invocations=25 (full 2):
 PSYoungGen      total 24576K, used 24546K [0x00000000eab00000, 0x00000000ec780000, 0x0000000100000000)
  eden space 21504K, 100% used [0x00000000eab00000,0x00000000ec000000,0x00000000ec000000)
  from space 3072K, 99% used [0x00000000ec380000,0x00000000ec678860,0x00000000ec680000)
  to   space 3584K, 0% used [0x00000000ec000000,0x00000000ec000000,0x00000000ec380000)
 ParOldGen       total 68608K, used 36251K [0x00000000c0000000, 0x00000000c4300000, 0x00000000eab00000)
  object space 68608K, 52% used [0x00000000c0000000,0x00000000c2366d08,0x00000000c4300000)
 Metaspace       used 45326K, committed 46528K, reserved 1114112K
  class space    used 4773K, committed 5312K, reserved 1048576K
}
Event: 19,140 GC heap after
{Heap after GC invocations=25 (full 2):
 PSYoungGen      total 24576K, used 2593K [0x00000000eab00000, 0x00000000ec600000, 0x0000000100000000)
  eden space 21504K, 0% used [0x00000000eab00000,0x00000000eab00000,0x00000000ec000000)
  from space 3072K, 84% used [0x00000000ec000000,0x00000000ec288498,0x00000000ec300000)
  to   space 3072K, 0% used [0x00000000ec300000,0x00000000ec300000,0x00000000ec600000)
 ParOldGen       total 68608K, used 39177K [0x00000000c0000000, 0x00000000c4300000, 0x00000000eab00000)
  object space 68608K, 57% used [0x00000000c0000000,0x00000000c2642440,0x00000000c4300000)
 Metaspace       used 45326K, committed 46528K, reserved 1114112K
  class space    used 4773K, committed 5312K, reserved 1048576K
}
Event: 19,331 GC heap before
{Heap before GC invocations=26 (full 2):
 PSYoungGen      total 24576K, used 24097K [0x00000000eab00000, 0x00000000ec600000, 0x0000000100000000)
  eden space 21504K, 100% used [0x00000000eab00000,0x00000000ec000000,0x00000000ec000000)
  from space 3072K, 84% used [0x00000000ec000000,0x00000000ec288498,0x00000000ec300000)
  to   space 3072K, 0% used [0x00000000ec300000,0x00000000ec300000,0x00000000ec600000)
 ParOldGen       total 68608K, used 39177K [0x00000000c0000000, 0x00000000c4300000, 0x00000000eab00000)
  object space 68608K, 57% used [0x00000000c0000000,0x00000000c2642440,0x00000000c4300000)
 Metaspace       used 45482K, committed 46720K, reserved 1114112K
  class space    used 4789K, committed 5312K, reserved 1048576K
}
Event: 19,338 GC heap after
{Heap after GC invocations=26 (full 2):
 PSYoungGen      total 20992K, used 3068K [0x00000000eab00000, 0x00000000ecd00000, 0x0000000100000000)
  eden space 17920K, 0% used [0x00000000eab00000,0x00000000eab00000,0x00000000ebc80000)
  from space 3072K, 99% used [0x00000000ec300000,0x00000000ec5ff2a0,0x00000000ec600000)
  to   space 6656K, 0% used [0x00000000ebc80000,0x00000000ebc80000,0x00000000ec300000)
 ParOldGen       total 68608K, used 41986K [0x00000000c0000000, 0x00000000c4300000, 0x00000000eab00000)
  object space 68608K, 61% used [0x00000000c0000000,0x00000000c2900a38,0x00000000c4300000)
 Metaspace       used 45482K, committed 46720K, reserved 1114112K
  class space    used 4789K, committed 5312K, reserved 1048576K
}
Event: 19,499 GC heap before
{Heap before GC invocations=27 (full 2):
 PSYoungGen      total 20992K, used 20988K [0x00000000eab00000, 0x00000000ecd00000, 0x0000000100000000)
  eden space 17920K, 100% used [0x00000000eab00000,0x00000000ebc80000,0x00000000ebc80000)
  from space 3072K, 99% used [0x00000000ec300000,0x00000000ec5ff2a0,0x00000000ec600000)
  to   space 6656K, 0% used [0x00000000ebc80000,0x00000000ebc80000,0x00000000ec300000)
 ParOldGen       total 68608K, used 41986K [0x00000000c0000000, 0x00000000c4300000, 0x00000000eab00000)
  object space 68608K, 61% used [0x00000000c0000000,0x00000000c2900a38,0x00000000c4300000)
 Metaspace       used 45675K, committed 46848K, reserved 1114112K
  class space    used 4807K, committed 5312K, reserved 1048576K
}
Event: 19,505 GC heap after
{Heap after GC invocations=27 (full 2):
 PSYoungGen      total 20992K, used 2599K [0x00000000eab00000, 0x00000000ec480000, 0x0000000100000000)
  eden space 17920K, 0% used [0x00000000eab00000,0x00000000eab00000,0x00000000ebc80000)
  from space 3072K, 84% used [0x00000000ebc80000,0x00000000ebf09f50,0x00000000ebf80000)
  to   space 4096K, 0% used [0x00000000ec080000,0x00000000ec080000,0x00000000ec480000)
 ParOldGen       total 68608K, used 45017K [0x00000000c0000000, 0x00000000c4300000, 0x00000000eab00000)
  object space 68608K, 65% used [0x00000000c0000000,0x00000000c2bf6640,0x00000000c4300000)
 Metaspace       used 45675K, committed 46848K, reserved 1114112K
  class space    used 4807K, committed 5312K, reserved 1048576K
}
Event: 19,700 GC heap before
{Heap before GC invocations=28 (full 2):
 PSYoungGen      total 20992K, used 20519K [0x00000000eab00000, 0x00000000ec480000, 0x0000000100000000)
  eden space 17920K, 100% used [0x00000000eab00000,0x00000000ebc80000,0x00000000ebc80000)
  from space 3072K, 84% used [0x00000000ebc80000,0x00000000ebf09f50,0x00000000ebf80000)
  to   space 4096K, 0% used [0x00000000ec080000,0x00000000ec080000,0x00000000ec480000)
 ParOldGen       total 68608K, used 45017K [0x00000000c0000000, 0x00000000c4300000, 0x00000000eab00000)
  object space 68608K, 65% used [0x00000000c0000000,0x00000000c2bf6640,0x00000000c4300000)
 Metaspace       used 45941K, committed 47168K, reserved 1114112K
  class space    used 4836K, committed 5376K, reserved 1048576K
}
Event: 19,705 GC heap after
{Heap after GC invocations=28 (full 2):
 PSYoungGen      total 20480K, used 2308K [0x00000000eab00000, 0x00000000ec300000, 0x0000000100000000)
  eden space 17920K, 0% used [0x00000000eab00000,0x00000000eab00000,0x00000000ebc80000)
  from space 2560K, 90% used [0x00000000ec080000,0x00000000ec2c10f8,0x00000000ec300000)
  to   space 3072K, 0% used [0x00000000ebd00000,0x00000000ebd00000,0x00000000ec000000)
 ParOldGen       total 68608K, used 47499K [0x00000000c0000000, 0x00000000c4300000, 0x00000000eab00000)
  object space 68608K, 69% used [0x00000000c0000000,0x00000000c2e62e90,0x00000000c4300000)
 Metaspace       used 45941K, committed 47168K, reserved 1114112K
  class space    used 4836K, committed 5376K, reserved 1048576K
}

