# JRE version: OpenJDK Runtime Environment Temurin-21.0.6+7 (21.0.6+7) (build 21.0.6+7-LTS)
# Java VM: OpenJDK 64-Bit Server VM Temurin-21.0.6+7 (21.0.6+7-LTS, mixed mode, sharing, tiered, compressed oops, compressed class ptrs, parallel gc, linux-amd64)
GC Precious Log:
 CardTable entry size: 512
 CPUs: 2 total, 2 available
 Memory: 7824M
 Large Page Support: Disabled
 NUMA Support: Disabled
 Compressed Oops: Enabled (32-bit)
 Alignments: Space 512K, Generation 512K, Heap 2M
 Heap Min Capacity: 100M
 Heap Initial Capacity: 100M
 Heap Max Capacity: 1G
 Pre-touch: Disabled
 Parallel Workers: 2
Heap:
 PSYoungGen      total 24064K, used 5354K [0x00000000eab00000, 0x00000000ec580000, 0x0000000100000000)
  eden space 22016K, 17% used [0x00000000eab00000,0x00000000eaed6420,0x00000000ec080000)
  from space 2048K, 69% used [0x00000000ec180000,0x00000000ec2e4780,0x00000000ec380000)
  to   space 1536K, 0% used [0x00000000ec400000,0x00000000ec400000,0x00000000ec580000)
 ParOldGen       total 68608K, used 20101K [0x00000000c0000000, 0x00000000c4300000, 0x00000000eab00000)
  object space 68608K, 29% used [0x00000000c0000000,0x00000000c13a16a8,0x00000000c4300000)
 Metaspace       used 42762K, committed 43840K, reserved 1114112K
  class space    used 4477K, committed 4928K, reserved 1048576K
GC Heap History (20 events):
Event: 6,033 GC heap before
{Heap before GC invocations=10 (full 1):
 PSYoungGen      total 27648K, used 24064K [0x00000000eab00000, 0x00000000ece80000, 0x0000000100000000)
  eden space 24064K, 100% used [0x00000000eab00000,0x00000000ec280000,0x00000000ec280000)
  from space 3584K, 0% used [0x00000000ec900000,0x00000000ec900000,0x00000000ecc80000)
  to   space 6144K, 0% used [0x00000000ec280000,0x00000000ec280000,0x00000000ec880000)
 ParOldGen       total 68608K, used 13706K [0x00000000c0000000, 0x00000000c4300000, 0x00000000eab00000)
  object space 68608K, 19% used [0x00000000c0000000,0x00000000c0d62a80,0x00000000c4300000)
 Metaspace       used 24687K, committed 25536K, reserved 1114112K
  class space    used 2323K, committed 2688K, reserved 1048576K
}
Event: 6,035 GC heap after
{Heap after GC invocations=10 (full 1):
 PSYoungGen      total 24064K, used 224K [0x00000000eab00000, 0x00000000ec980000, 0x0000000100000000)
  eden space 23552K, 0% used [0x00000000eab00000,0x00000000eab00000,0x00000000ec200000)
  from space 512K, 43% used [0x00000000ec280000,0x00000000ec2b8000,0x00000000ec300000)
  to   space 2560K, 0% used [0x00000000ec700000,0x00000000ec700000,0x00000000ec980000)
 ParOldGen       total 68608K, used 13706K [0x00000000c0000000, 0x00000000c4300000, 0x00000000eab00000)
  object space 68608K, 19% used [0x00000000c0000000,0x00000000c0d62a80,0x00000000c4300000)
 Metaspace       used 24687K, committed 25536K, reserved 1114112K
  class space    used 2323K, committed 2688K, reserved 1048576K
}
Event: 6,222 GC heap before
{Heap before GC invocations=11 (full 1):
 PSYoungGen      total 24064K, used 23776K [0x00000000eab00000, 0x00000000ec980000, 0x0000000100000000)
  eden space 23552K, 100% used [0x00000000eab00000,0x00000000ec200000,0x00000000ec200000)
  from space 512K, 43% used [0x00000000ec280000,0x00000000ec2b8000,0x00000000ec300000)
  to   space 2560K, 0% used [0x00000000ec700000,0x00000000ec700000,0x00000000ec980000)
 ParOldGen       total 68608K, used 13706K [0x00000000c0000000, 0x00000000c4300000, 0x00000000eab00000)
  object space 68608K, 19% used [0x00000000c0000000,0x00000000c0d62a80,0x00000000c4300000)
 Metaspace       used 26067K, committed 26880K, reserved 1114112K
  class space    used 2406K, committed 2752K, reserved 1048576K
}
Event: 6,227 GC heap after
{Heap after GC invocations=11 (full 1):
 PSYoungGen      total 25600K, used 2551K [0x00000000eab00000, 0x00000000ec980000, 0x0000000100000000)
  eden space 23040K, 0% used [0x00000000eab00000,0x00000000eab00000,0x00000000ec180000)
  from space 2560K, 99% used [0x00000000ec700000,0x00000000ec97dcf0,0x00000000ec980000)
  to   space 3072K, 0% used [0x00000000ec380000,0x00000000ec380000,0x00000000ec680000)
 ParOldGen       total 68608K, used 13714K [0x00000000c0000000, 0x00000000c4300000, 0x00000000eab00000)
  object space 68608K, 19% used [0x00000000c0000000,0x00000000c0d64a80,0x00000000c4300000)
 Metaspace       used 26067K, committed 26880K, reserved 1114112K
  class space    used 2406K, committed 2752K, reserved 1048576K
}
Event: 6,661 GC heap before
{Heap before GC invocations=12 (full 1):
 PSYoungGen      total 25600K, used 25591K [0x00000000eab00000, 0x00000000ec980000, 0x0000000100000000)
  eden space 23040K, 100% used [0x00000000eab00000,0x00000000ec180000,0x00000000ec180000)
  from space 2560K, 99% used [0x00000000ec700000,0x00000000ec97dcf0,0x00000000ec980000)
  to   space 3072K, 0% used [0x00000000ec380000,0x00000000ec380000,0x00000000ec680000)
 ParOldGen       total 68608K, used 13714K [0x00000000c0000000, 0x00000000c4300000, 0x00000000eab00000)
  object space 68608K, 19% used [0x00000000c0000000,0x00000000c0d64a80,0x00000000c4300000)
 Metaspace       used 29884K, committed 30848K, reserved 1114112K
  class space    used 2831K, committed 3264K, reserved 1048576K
}
Event: 6,668 GC heap after
{Heap after GC invocations=12 (full 1):
 PSYoungGen      total 24064K, used 1504K [0x00000000eab00000, 0x00000000ec780000, 0x0000000100000000)
  eden space 22528K, 0% used [0x00000000eab00000,0x00000000eab00000,0x00000000ec100000)
  from space 1536K, 97% used [0x00000000ec380000,0x00000000ec4f8168,0x00000000ec500000)
  to   space 2048K, 0% used [0x00000000ec580000,0x00000000ec580000,0x00000000ec780000)
 ParOldGen       total 68608K, used 16230K [0x00000000c0000000, 0x00000000c4300000, 0x00000000eab00000)
  object space 68608K, 23% used [0x00000000c0000000,0x00000000c0fd9b08,0x00000000c4300000)
 Metaspace       used 29884K, committed 30848K, reserved 1114112K
  class space    used 2831K, committed 3264K, reserved 1048576K
}
Event: 6,932 GC heap before
{Heap before GC invocations=13 (full 1):
 PSYoungGen      total 24064K, used 24032K [0x00000000eab00000, 0x00000000ec780000, 0x0000000100000000)
  eden space 22528K, 100% used [0x00000000eab00000,0x00000000ec100000,0x00000000ec100000)
  from space 1536K, 97% used [0x00000000ec380000,0x00000000ec4f8168,0x00000000ec500000)
  to   space 2048K, 0% used [0x00000000ec580000,0x00000000ec580000,0x00000000ec780000)
 ParOldGen       total 68608K, used 16230K [0x00000000c0000000, 0x00000000c4300000, 0x00000000eab00000)
  object space 68608K, 23% used [0x00000000c0000000,0x00000000c0fd9b08,0x00000000c4300000)
 Metaspace       used 32991K, committed 33920K, reserved 1114112K
  class space    used 3246K, committed 3648K, reserved 1048576K
}
Event: 6,935 GC heap after
{Heap after GC invocations=13 (full 1):
 PSYoungGen      total 23552K, used 1376K [0x00000000eab00000, 0x00000000ec700000, 0x0000000100000000)
  eden space 22016K, 0% used [0x00000000eab00000,0x00000000eab00000,0x00000000ec080000)
  from space 1536K, 89% used [0x00000000ec580000,0x00000000ec6d8000,0x00000000ec700000)
  to   space 1536K, 0% used [0x00000000ec400000,0x00000000ec400000,0x00000000ec580000)
 ParOldGen       total 68608K, used 17575K [0x00000000c0000000, 0x00000000c4300000, 0x00000000eab00000)
  object space 68608K, 25% used [0x00000000c0000000,0x00000000c1129f50,0x00000000c4300000)
 Metaspace       used 32991K, committed 33920K, reserved 1114112K
  class space    used 3246K, committed 3648K, reserved 1048576K
}
Event: 7,261 GC heap before
{Heap before GC invocations=14 (full 1):
 PSYoungGen      total 23552K, used 23392K [0x00000000eab00000, 0x00000000ec700000, 0x0000000100000000)
  eden space 22016K, 100% used [0x00000000eab00000,0x00000000ec080000,0x00000000ec080000)
  from space 1536K, 89% used [0x00000000ec580000,0x00000000ec6d8000,0x00000000ec700000)
  to   space 1536K, 0% used [0x00000000ec400000,0x00000000ec400000,0x00000000ec580000)
 ParOldGen       total 68608K, used 17575K [0x00000000c0000000, 0x00000000c4300000, 0x00000000eab00000)
  object space 68608K, 25% used [0x00000000c0000000,0x00000000c1129f50,0x00000000c4300000)
 Metaspace       used 34770K, committed 35776K, reserved 1114112K
  class space    used 3488K, committed 3904K, reserved 1048576K
}
Event: 7,268 GC heap after
{Heap after GC invocations=14 (full 1):
 PSYoungGen      total 23040K, used 864K [0x00000000eab00000, 0x00000000ec600000, 0x0000000100000000)
  eden space 22016K, 0% used [0x00000000eab00000,0x00000000eab00000,0x00000000ec080000)
  from space 1024K, 84% used [0x00000000ec400000,0x00000000ec4d8000,0x00000000ec500000)
  to   space 1024K, 0% used [0x00000000ec500000,0x00000000ec500000,0x00000000ec600000)
 ParOldGen       total 68608K, used 18823K [0x00000000c0000000, 0x00000000c4300000, 0x00000000eab00000)
  object space 68608K, 27% used [0x00000000c0000000,0x00000000c1261f50,0x00000000c4300000)
 Metaspace       used 34770K, committed 35776K, reserved 1114112K
  class space    used 3488K, committed 3904K, reserved 1048576K
}
Event: 7,302 GC heap before
{Heap before GC invocations=15 (full 1):
 PSYoungGen      total 23040K, used 2264K [0x00000000eab00000, 0x00000000ec600000, 0x0000000100000000)
  eden space 22016K, 6% used [0x00000000eab00000,0x00000000eac5e038,0x00000000ec080000)
  from space 1024K, 84% used [0x00000000ec400000,0x00000000ec4d8000,0x00000000ec500000)
  to   space 1024K, 0% used [0x00000000ec500000,0x00000000ec500000,0x00000000ec600000)
 ParOldGen       total 68608K, used 18823K [0x00000000c0000000, 0x00000000c4300000, 0x00000000eab00000)
  object space 68608K, 27% used [0x00000000c0000000,0x00000000c1261f50,0x00000000c4300000)
 Metaspace       used 34904K, committed 35840K, reserved 1114112K
  class space    used 3500K, committed 3904K, reserved 1048576K
}
Event: 7,305 GC heap after
{Heap after GC invocations=15 (full 1):
 PSYoungGen      total 22528K, used 160K [0x00000000eab00000, 0x00000000ec580000, 0x0000000100000000)
  eden space 22016K, 0% used [0x00000000eab00000,0x00000000eab00000,0x00000000ec080000)
  from space 512K, 31% used [0x00000000ec500000,0x00000000ec528000,0x00000000ec580000)
  to   space 512K, 0% used [0x00000000ec480000,0x00000000ec480000,0x00000000ec500000)
 ParOldGen       total 68608K, used 19595K [0x00000000c0000000, 0x00000000c4300000, 0x00000000eab00000)
  object space 68608K, 28% used [0x00000000c0000000,0x00000000c1322f70,0x00000000c4300000)
 Metaspace       used 34904K, committed 35840K, reserved 1114112K
  class space    used 3500K, committed 3904K, reserved 1048576K
}
Event: 7,305 GC heap before
{Heap before GC invocations=16 (full 2):
 PSYoungGen      total 22528K, used 160K [0x00000000eab00000, 0x00000000ec580000, 0x0000000100000000)
  eden space 22016K, 0% used [0x00000000eab00000,0x00000000eab00000,0x00000000ec080000)
  from space 512K, 31% used [0x00000000ec500000,0x00000000ec528000,0x00000000ec580000)
  to   space 512K, 0% used [0x00000000ec480000,0x00000000ec480000,0x00000000ec500000)
 ParOldGen       total 68608K, used 19595K [0x00000000c0000000, 0x00000000c4300000, 0x00000000eab00000)
  object space 68608K, 28% used [0x00000000c0000000,0x00000000c1322f70,0x00000000c4300000)
 Metaspace       used 34904K, committed 35840K, reserved 1114112K
  class space    used 3500K, committed 3904K, reserved 1048576K
}
Event: 7,438 GC heap after
{Heap after GC invocations=16 (full 2):
 PSYoungGen      total 22528K, used 0K [0x00000000eab00000, 0x00000000ec580000, 0x0000000100000000)
  eden space 22016K, 0% used [0x00000000eab00000,0x00000000eab00000,0x00000000ec080000)
  from space 512K, 0% used [0x00000000ec500000,0x00000000ec500000,0x00000000ec580000)
  to   space 512K, 0% used [0x00000000ec480000,0x00000000ec480000,0x00000000ec500000)
 ParOldGen       total 68608K, used 18174K [0x00000000c0000000, 0x00000000c4300000, 0x00000000eab00000)
  object space 68608K, 26% used [0x00000000c0000000,0x00000000c11bf988,0x00000000c4300000)
 Metaspace       used 34904K, committed 35840K, reserved 1114112K
  class space    used 3500K, committed 3904K, reserved 1048576K
}
Event: 7,984 GC heap before
{Heap before GC invocations=17 (full 2):
 PSYoungGen      total 22528K, used 22016K [0x00000000eab00000, 0x00000000ec580000, 0x0000000100000000)
  eden space 22016K, 100% used [0x00000000eab00000,0x00000000ec080000,0x00000000ec080000)
  from space 512K, 0% used [0x00000000ec500000,0x00000000ec500000,0x00000000ec580000)
  to   space 512K, 0% used [0x00000000ec480000,0x00000000ec480000,0x00000000ec500000)
 ParOldGen       total 68608K, used 18174K [0x00000000c0000000, 0x00000000c4300000, 0x00000000eab00000)
  object space 68608K, 26% used [0x00000000c0000000,0x00000000c11bf988,0x00000000c4300000)
 Metaspace       used 36922K, committed 37888K, reserved 1114112K
  class space    used 3751K, committed 4160K, reserved 1048576K
}
Event: 7,988 GC heap after
{Heap after GC invocations=17 (full 2):
 PSYoungGen      total 22528K, used 512K [0x00000000eab00000, 0x00000000ec580000, 0x0000000100000000)
  eden space 22016K, 0% used [0x00000000eab00000,0x00000000eab00000,0x00000000ec080000)
  from space 512K, 100% used [0x00000000ec480000,0x00000000ec500000,0x00000000ec500000)
  to   space 512K, 0% used [0x00000000ec500000,0x00000000ec500000,0x00000000ec580000)
 ParOldGen       total 68608K, used 18534K [0x00000000c0000000, 0x00000000c4300000, 0x00000000eab00000)
  object space 68608K, 27% used [0x00000000c0000000,0x00000000c1219988,0x00000000c4300000)
 Metaspace       used 36922K, committed 37888K, reserved 1114112K
  class space    used 3751K, committed 4160K, reserved 1048576K
}
Event: 8,513 GC heap before
{Heap before GC invocations=18 (full 2):
 PSYoungGen      total 22528K, used 22528K [0x00000000eab00000, 0x00000000ec580000, 0x0000000100000000)
  eden space 22016K, 100% used [0x00000000eab00000,0x00000000ec080000,0x00000000ec080000)
  from space 512K, 100% used [0x00000000ec480000,0x00000000ec500000,0x00000000ec500000)
  to   space 512K, 0% used [0x00000000ec500000,0x00000000ec500000,0x00000000ec580000)
 ParOldGen       total 68608K, used 18534K [0x00000000c0000000, 0x00000000c4300000, 0x00000000eab00000)
  object space 68608K, 27% used [0x00000000c0000000,0x00000000c1219988,0x00000000c4300000)
 Metaspace       used 39457K, committed 40448K, reserved 1114112K
  class space    used 4079K, committed 4480K, reserved 1048576K
}
Event: 8,518 GC heap after
{Heap after GC invocations=18 (full 2):
 PSYoungGen      total 22528K, used 512K [0x00000000eab00000, 0x00000000ec580000, 0x0000000100000000)
  eden space 22016K, 0% used [0x00000000eab00000,0x00000000eab00000,0x00000000ec080000)
  from space 512K, 100% used [0x00000000ec500000,0x00000000ec580000,0x00000000ec580000)
  to   space 2048K, 0% used [0x00000000ec180000,0x00000000ec180000,0x00000000ec380000)
 ParOldGen       total 68608K, used 19589K [0x00000000c0000000, 0x00000000c4300000, 0x00000000eab00000)
  object space 68608K, 28% used [0x00000000c0000000,0x00000000c13216a8,0x00000000c4300000)
 Metaspace       used 39457K, committed 40448K, reserved 1114112K
  class space    used 4079K, committed 4480K, reserved 1048576K
}
Event: 9,330 GC heap before
{Heap before GC invocations=19 (full 2):
 PSYoungGen      total 22528K, used 22528K [0x00000000eab00000, 0x00000000ec580000, 0x0000000100000000)
  eden space 22016K, 100% used [0x00000000eab00000,0x00000000ec080000,0x00000000ec080000)
  from space 512K, 100% used [0x00000000ec500000,0x00000000ec580000,0x00000000ec580000)
  to   space 2048K, 0% used [0x00000000ec180000,0x00000000ec180000,0x00000000ec380000)
 ParOldGen       total 68608K, used 19589K [0x00000000c0000000, 0x00000000c4300000, 0x00000000eab00000)
  object space 68608K, 28% used [0x00000000c0000000,0x00000000c13216a8,0x00000000c4300000)
 Metaspace       used 42138K, committed 43072K, reserved 1114112K
  class space    used 4420K, committed 4800K, reserved 1048576K
}
Event: 9,337 GC heap after
{Heap after GC invocations=19 (full 2):
 PSYoungGen      total 24064K, used 1425K [0x00000000eab00000, 0x00000000ec580000, 0x0000000100000000)
  eden space 22016K, 0% used [0x00000000eab00000,0x00000000eab00000,0x00000000ec080000)
  from space 2048K, 69% used [0x00000000ec180000,0x00000000ec2e4780,0x00000000ec380000)
  to   space 1536K, 0% used [0x00000000ec400000,0x00000000ec400000,0x00000000ec580000)
 ParOldGen       total 68608K, used 20101K [0x00000000c0000000, 0x00000000c4300000, 0x00000000eab00000)
  object space 68608K, 29% used [0x00000000c0000000,0x00000000c13a16a8,0x00000000c4300000)
 Metaspace       used 42138K, committed 43072K, reserved 1114112K
  class space    used 4420K, committed 4800K, reserved 1048576K
}

