# JRE version: OpenJDK Runtime Environment Temurin-21.0.6+7 (21.0.6+7) (build 21.0.6+7-LTS)
# Java VM: OpenJDK 64-Bit Server VM Temurin-21.0.6+7 (21.0.6+7-LTS, mixed mode, sharing, tiered, compressed oops, compressed class ptrs, parallel gc, linux-amd64)
GC Precious Log:
 CardTable entry size: 512
 CPUs: 2 total, 2 available
 Memory: 7824M
 Large Page Support: Disabled
 NUMA Support: Disabled
 Compressed Oops: Enabled (32-bit)
 Alignments: Space 512K, Generation 512K, Heap 2M
 Heap Min Capacity: 100M
 Heap Initial Capacity: 100M
 Heap Max Capacity: 1G
 Pre-touch: Disabled
 Parallel Workers: 2
Heap:
 PSYoungGen      total 22528K, used 15685K [0x00000000eab00000, 0x00000000ec780000, 0x0000000100000000)
  eden space 22016K, 68% used [0x00000000eab00000,0x00000000eb9d1498,0x00000000ec080000)
  from space 512K, 100% used [0x00000000ec480000,0x00000000ec500000,0x00000000ec500000)
  to   space 3584K, 0% used [0x00000000ec080000,0x00000000ec080000,0x00000000ec400000)
 ParOldGen       total 68608K, used 24505K [0x00000000c0000000, 0x00000000c4300000, 0x00000000eab00000)
  object space 68608K, 35% used [0x00000000c0000000,0x00000000c17ee750,0x00000000c4300000)
 Metaspace       used 47787K, committed 48832K, reserved 1114112K
  class space    used 5081K, committed 5568K, reserved 1048576K
GC Heap History (20 events):
Event: 8,162 GC heap before
{Heap before GC invocations=11 (full 1):
 PSYoungGen      total 24064K, used 23821K [0x00000000eab00000, 0x00000000ec980000, 0x0000000100000000)
  eden space 23552K, 100% used [0x00000000eab00000,0x00000000ec200000,0x00000000ec200000)
  from space 512K, 52% used [0x00000000ec280000,0x00000000ec2c35b0,0x00000000ec300000)
  to   space 2560K, 0% used [0x00000000ec700000,0x00000000ec700000,0x00000000ec980000)
 ParOldGen       total 68608K, used 13623K [0x00000000c0000000, 0x00000000c4300000, 0x00000000eab00000)
  object space 68608K, 19% used [0x00000000c0000000,0x00000000c0d4dd28,0x00000000c4300000)
 Metaspace       used 26137K, committed 26944K, reserved 1114112K
  class space    used 2441K, committed 2752K, reserved 1048576K
}
Event: 8,171 GC heap after
{Heap after GC invocations=11 (full 1):
 PSYoungGen      total 25600K, used 2184K [0x00000000eab00000, 0x00000000ec980000, 0x0000000100000000)
  eden space 23040K, 0% used [0x00000000eab00000,0x00000000eab00000,0x00000000ec180000)
  from space 2560K, 85% used [0x00000000ec700000,0x00000000ec9222b0,0x00000000ec980000)
  to   space 3072K, 0% used [0x00000000ec380000,0x00000000ec380000,0x00000000ec680000)
 ParOldGen       total 68608K, used 13623K [0x00000000c0000000, 0x00000000c4300000, 0x00000000eab00000)
  object space 68608K, 19% used [0x00000000c0000000,0x00000000c0d4dd28,0x00000000c4300000)
 Metaspace       used 26137K, committed 26944K, reserved 1114112K
  class space    used 2441K, committed 2752K, reserved 1048576K
}
Event: 8,565 GC heap before
{Heap before GC invocations=12 (full 1):
 PSYoungGen      total 25600K, used 25224K [0x00000000eab00000, 0x00000000ec980000, 0x0000000100000000)
  eden space 23040K, 100% used [0x00000000eab00000,0x00000000ec180000,0x00000000ec180000)
  from space 2560K, 85% used [0x00000000ec700000,0x00000000ec9222b0,0x00000000ec980000)
  to   space 3072K, 0% used [0x00000000ec380000,0x00000000ec380000,0x00000000ec680000)
 ParOldGen       total 68608K, used 13623K [0x00000000c0000000, 0x00000000c4300000, 0x00000000eab00000)
  object space 68608K, 19% used [0x00000000c0000000,0x00000000c0d4dd28,0x00000000c4300000)
 Metaspace       used 29730K, committed 30656K, reserved 1114112K
  class space    used 2851K, committed 3264K, reserved 1048576K
}
Event: 8,593 GC heap after
{Heap after GC invocations=12 (full 1):
 PSYoungGen      total 24064K, used 1465K [0x00000000eab00000, 0x00000000ec780000, 0x0000000100000000)
  eden space 22528K, 0% used [0x00000000eab00000,0x00000000eab00000,0x00000000ec100000)
  from space 1536K, 95% used [0x00000000ec380000,0x00000000ec4ee480,0x00000000ec500000)
  to   space 2048K, 0% used [0x00000000ec580000,0x00000000ec580000,0x00000000ec780000)
 ParOldGen       total 68608K, used 15736K [0x00000000c0000000, 0x00000000c4300000, 0x00000000eab00000)
  object space 68608K, 22% used [0x00000000c0000000,0x00000000c0f5e088,0x00000000c4300000)
 Metaspace       used 29730K, committed 30656K, reserved 1114112K
  class space    used 2851K, committed 3264K, reserved 1048576K
}
Event: 9,006 GC heap before
{Heap before GC invocations=13 (full 1):
 PSYoungGen      total 24064K, used 23993K [0x00000000eab00000, 0x00000000ec780000, 0x0000000100000000)
  eden space 22528K, 100% used [0x00000000eab00000,0x00000000ec100000,0x00000000ec100000)
  from space 1536K, 95% used [0x00000000ec380000,0x00000000ec4ee480,0x00000000ec500000)
  to   space 2048K, 0% used [0x00000000ec580000,0x00000000ec580000,0x00000000ec780000)
 ParOldGen       total 68608K, used 15736K [0x00000000c0000000, 0x00000000c4300000, 0x00000000eab00000)
  object space 68608K, 22% used [0x00000000c0000000,0x00000000c0f5e088,0x00000000c4300000)
 Metaspace       used 31965K, committed 32960K, reserved 1114112K
  class space    used 3142K, committed 3520K, reserved 1048576K
}
Event: 9,014 GC heap after
{Heap after GC invocations=13 (full 1):
 PSYoungGen      total 23552K, used 1451K [0x00000000eab00000, 0x00000000ec700000, 0x0000000100000000)
  eden space 22016K, 0% used [0x00000000eab00000,0x00000000eab00000,0x00000000ec080000)
  from space 1536K, 94% used [0x00000000ec580000,0x00000000ec6ead70,0x00000000ec700000)
  to   space 1536K, 0% used [0x00000000ec400000,0x00000000ec400000,0x00000000ec580000)
 ParOldGen       total 68608K, used 17093K [0x00000000c0000000, 0x00000000c4300000, 0x00000000eab00000)
  object space 68608K, 24% used [0x00000000c0000000,0x00000000c10b1400,0x00000000c4300000)
 Metaspace       used 31965K, committed 32960K, reserved 1114112K
  class space    used 3142K, committed 3520K, reserved 1048576K
}
Event: 9,278 GC heap before
{Heap before GC invocations=14 (full 1):
 PSYoungGen      total 23552K, used 23467K [0x00000000eab00000, 0x00000000ec700000, 0x0000000100000000)
  eden space 22016K, 100% used [0x00000000eab00000,0x00000000ec080000,0x00000000ec080000)
  from space 1536K, 94% used [0x00000000ec580000,0x00000000ec6ead70,0x00000000ec700000)
  to   space 1536K, 0% used [0x00000000ec400000,0x00000000ec400000,0x00000000ec580000)
 ParOldGen       total 68608K, used 17093K [0x00000000c0000000, 0x00000000c4300000, 0x00000000eab00000)
  object space 68608K, 24% used [0x00000000c0000000,0x00000000c10b1400,0x00000000c4300000)
 Metaspace       used 34645K, committed 35648K, reserved 1114112K
  class space    used 3449K, committed 3904K, reserved 1048576K
}
Event: 9,286 GC heap after
{Heap after GC invocations=14 (full 1):
 PSYoungGen      total 23552K, used 1506K [0x00000000eab00000, 0x00000000ec980000, 0x0000000100000000)
  eden space 22016K, 0% used [0x00000000eab00000,0x00000000eab00000,0x00000000ec080000)
  from space 1536K, 98% used [0x00000000ec400000,0x00000000ec578a78,0x00000000ec580000)
  to   space 4096K, 0% used [0x00000000ec580000,0x00000000ec580000,0x00000000ec980000)
 ParOldGen       total 68608K, used 19363K [0x00000000c0000000, 0x00000000c4300000, 0x00000000eab00000)
  object space 68608K, 28% used [0x00000000c0000000,0x00000000c12e8e60,0x00000000c4300000)
 Metaspace       used 34645K, committed 35648K, reserved 1114112K
  class space    used 3449K, committed 3904K, reserved 1048576K
}
Event: 9,326 GC heap before
{Heap before GC invocations=15 (full 1):
 PSYoungGen      total 23552K, used 6572K [0x00000000eab00000, 0x00000000ec980000, 0x0000000100000000)
  eden space 22016K, 23% used [0x00000000eab00000,0x00000000eaff2850,0x00000000ec080000)
  from space 1536K, 98% used [0x00000000ec400000,0x00000000ec578a78,0x00000000ec580000)
  to   space 4096K, 0% used [0x00000000ec580000,0x00000000ec580000,0x00000000ec980000)
 ParOldGen       total 68608K, used 19363K [0x00000000c0000000, 0x00000000c4300000, 0x00000000eab00000)
  object space 68608K, 28% used [0x00000000c0000000,0x00000000c12e8e60,0x00000000c4300000)
 Metaspace       used 34903K, committed 35840K, reserved 1114112K
  class space    used 3486K, committed 3904K, reserved 1048576K
}
Event: 9,333 GC heap after
{Heap after GC invocations=15 (full 1):
 PSYoungGen      total 23040K, used 640K [0x00000000eab00000, 0x00000000ec680000, 0x0000000100000000)
  eden space 22016K, 0% used [0x00000000eab00000,0x00000000eab00000,0x00000000ec080000)
  from space 1024K, 62% used [0x00000000ec580000,0x00000000ec620000,0x00000000ec680000)
  to   space 2048K, 0% used [0x00000000ec280000,0x00000000ec280000,0x00000000ec480000)
 ParOldGen       total 68608K, used 20805K [0x00000000c0000000, 0x00000000c4300000, 0x00000000eab00000)
  object space 68608K, 30% used [0x00000000c0000000,0x00000000c1451478,0x00000000c4300000)
 Metaspace       used 34903K, committed 35840K, reserved 1114112K
  class space    used 3486K, committed 3904K, reserved 1048576K
}
Event: 9,333 GC heap before
{Heap before GC invocations=16 (full 2):
 PSYoungGen      total 23040K, used 640K [0x00000000eab00000, 0x00000000ec680000, 0x0000000100000000)
  eden space 22016K, 0% used [0x00000000eab00000,0x00000000eab00000,0x00000000ec080000)
  from space 1024K, 62% used [0x00000000ec580000,0x00000000ec620000,0x00000000ec680000)
  to   space 2048K, 0% used [0x00000000ec280000,0x00000000ec280000,0x00000000ec480000)
 ParOldGen       total 68608K, used 20805K [0x00000000c0000000, 0x00000000c4300000, 0x00000000eab00000)
  object space 68608K, 30% used [0x00000000c0000000,0x00000000c1451478,0x00000000c4300000)
 Metaspace       used 34903K, committed 35840K, reserved 1114112K
  class space    used 3486K, committed 3904K, reserved 1048576K
}
Event: 9,491 GC heap after
{Heap after GC invocations=16 (full 2):
 PSYoungGen      total 23040K, used 0K [0x00000000eab00000, 0x00000000ec680000, 0x0000000100000000)
  eden space 22016K, 0% used [0x00000000eab00000,0x00000000eab00000,0x00000000ec080000)
  from space 1024K, 0% used [0x00000000ec580000,0x00000000ec580000,0x00000000ec680000)
  to   space 2048K, 0% used [0x00000000ec280000,0x00000000ec280000,0x00000000ec480000)
 ParOldGen       total 68608K, used 19916K [0x00000000c0000000, 0x00000000c4300000, 0x00000000eab00000)
  object space 68608K, 29% used [0x00000000c0000000,0x00000000c13733a8,0x00000000c4300000)
 Metaspace       used 34903K, committed 35840K, reserved 1114112K
  class space    used 3486K, committed 3904K, reserved 1048576K
}
Event: 9,733 GC heap before
{Heap before GC invocations=17 (full 2):
 PSYoungGen      total 23040K, used 22016K [0x00000000eab00000, 0x00000000ec680000, 0x0000000100000000)
  eden space 22016K, 100% used [0x00000000eab00000,0x00000000ec080000,0x00000000ec080000)
  from space 1024K, 0% used [0x00000000ec580000,0x00000000ec580000,0x00000000ec680000)
  to   space 2048K, 0% used [0x00000000ec280000,0x00000000ec280000,0x00000000ec480000)
 ParOldGen       total 68608K, used 19916K [0x00000000c0000000, 0x00000000c4300000, 0x00000000eab00000)
  object space 68608K, 29% used [0x00000000c0000000,0x00000000c13733a8,0x00000000c4300000)
 Metaspace       used 37730K, committed 38720K, reserved 1114112K
  class space    used 3823K, committed 4288K, reserved 1048576K
}
Event: 9,738 GC heap after
{Heap after GC invocations=17 (full 2):
 PSYoungGen      total 24064K, used 1032K [0x00000000eab00000, 0x00000000ec600000, 0x0000000100000000)
  eden space 22016K, 0% used [0x00000000eab00000,0x00000000eab00000,0x00000000ec080000)
  from space 2048K, 50% used [0x00000000ec280000,0x00000000ec3821d0,0x00000000ec480000)
  to   space 1536K, 0% used [0x00000000ec480000,0x00000000ec480000,0x00000000ec600000)
 ParOldGen       total 68608K, used 19924K [0x00000000c0000000, 0x00000000c4300000, 0x00000000eab00000)
  object space 68608K, 29% used [0x00000000c0000000,0x00000000c13753a8,0x00000000c4300000)
 Metaspace       used 37730K, committed 38720K, reserved 1114112K
  class space    used 3823K, committed 4288K, reserved 1048576K
}
Event: 10,171 GC heap before
{Heap before GC invocations=18 (full 2):
 PSYoungGen      total 24064K, used 23048K [0x00000000eab00000, 0x00000000ec600000, 0x0000000100000000)
  eden space 22016K, 100% used [0x00000000eab00000,0x00000000ec080000,0x00000000ec080000)
  from space 2048K, 50% used [0x00000000ec280000,0x00000000ec3821d0,0x00000000ec480000)
  to   space 1536K, 0% used [0x00000000ec480000,0x00000000ec480000,0x00000000ec600000)
 ParOldGen       total 68608K, used 19924K [0x00000000c0000000, 0x00000000c4300000, 0x00000000eab00000)
  object space 68608K, 29% used [0x00000000c0000000,0x00000000c13753a8,0x00000000c4300000)
 Metaspace       used 40679K, committed 41664K, reserved 1114112K
  class space    used 4207K, committed 4608K, reserved 1048576K
}
Event: 10,176 GC heap after
{Heap after GC invocations=18 (full 2):
 PSYoungGen      total 23040K, used 985K [0x00000000eab00000, 0x00000000ec580000, 0x0000000100000000)
  eden space 22016K, 0% used [0x00000000eab00000,0x00000000eab00000,0x00000000ec080000)
  from space 1024K, 96% used [0x00000000ec480000,0x00000000ec576470,0x00000000ec580000)
  to   space 1024K, 0% used [0x00000000ec380000,0x00000000ec380000,0x00000000ec480000)
 ParOldGen       total 68608K, used 20768K [0x00000000c0000000, 0x00000000c4300000, 0x00000000eab00000)
  object space 68608K, 30% used [0x00000000c0000000,0x00000000c14483b8,0x00000000c4300000)
 Metaspace       used 40679K, committed 41664K, reserved 1114112K
  class space    used 4207K, committed 4608K, reserved 1048576K
}
Event: 10,781 GC heap before
{Heap before GC invocations=19 (full 2):
 PSYoungGen      total 23040K, used 23001K [0x00000000eab00000, 0x00000000ec580000, 0x0000000100000000)
  eden space 22016K, 100% used [0x00000000eab00000,0x00000000ec080000,0x00000000ec080000)
  from space 1024K, 96% used [0x00000000ec480000,0x00000000ec576470,0x00000000ec580000)
  to   space 1024K, 0% used [0x00000000ec380000,0x00000000ec380000,0x00000000ec480000)
 ParOldGen       total 68608K, used 20768K [0x00000000c0000000, 0x00000000c4300000, 0x00000000eab00000)
  object space 68608K, 30% used [0x00000000c0000000,0x00000000c14483b8,0x00000000c4300000)
 Metaspace       used 43146K, committed 44160K, reserved 1114112K
  class space    used 4506K, committed 4928K, reserved 1048576K
}
Event: 10,787 GC heap after
{Heap after GC invocations=19 (full 2):
 PSYoungGen      total 23040K, used 992K [0x00000000eab00000, 0x00000000ec500000, 0x0000000100000000)
  eden space 22016K, 0% used [0x00000000eab00000,0x00000000eab00000,0x00000000ec080000)
  from space 1024K, 96% used [0x00000000ec380000,0x00000000ec478000,0x00000000ec480000)
  to   space 512K, 0% used [0x00000000ec480000,0x00000000ec480000,0x00000000ec500000)
 ParOldGen       total 68608K, used 21861K [0x00000000c0000000, 0x00000000c4300000, 0x00000000eab00000)
  object space 68608K, 31% used [0x00000000c0000000,0x00000000c1559438,0x00000000c4300000)
 Metaspace       used 43146K, committed 44160K, reserved 1114112K
  class space    used 4506K, committed 4928K, reserved 1048576K
}
Event: 11,823 GC heap before
{Heap before GC invocations=20 (full 2):
 PSYoungGen      total 23040K, used 23008K [0x00000000eab00000, 0x00000000ec500000, 0x0000000100000000)
  eden space 22016K, 100% used [0x00000000eab00000,0x00000000ec080000,0x00000000ec080000)
  from space 1024K, 96% used [0x00000000ec380000,0x00000000ec478000,0x00000000ec480000)
  to   space 512K, 0% used [0x00000000ec480000,0x00000000ec480000,0x00000000ec500000)
 ParOldGen       total 68608K, used 21861K [0x00000000c0000000, 0x00000000c4300000, 0x00000000eab00000)
  object space 68608K, 31% used [0x00000000c0000000,0x00000000c1559438,0x00000000c4300000)
 Metaspace       used 45781K, committed 46784K, reserved 1114112K
  class space    used 4854K, committed 5312K, reserved 1048576K
}
Event: 11,831 GC heap after
{Heap after GC invocations=20 (full 2):
 PSYoungGen      total 22528K, used 512K [0x00000000eab00000, 0x00000000ec780000, 0x0000000100000000)
  eden space 22016K, 0% used [0x00000000eab00000,0x00000000eab00000,0x00000000ec080000)
  from space 512K, 100% used [0x00000000ec480000,0x00000000ec500000,0x00000000ec500000)
  to   space 3584K, 0% used [0x00000000ec080000,0x00000000ec080000,0x00000000ec400000)
 ParOldGen       total 68608K, used 24505K [0x00000000c0000000, 0x00000000c4300000, 0x00000000eab00000)
  object space 68608K, 35% used [0x00000000c0000000,0x00000000c17ee750,0x00000000c4300000)
 Metaspace       used 45781K, committed 46784K, reserved 1114112K
  class space    used 4854K, committed 5312K, reserved 1048576K
}

