# JRE version: OpenJDK Runtime Environment Temurin-21.0.6+7 (21.0.6+7) (build 21.0.6+7-LTS)
# Java VM: OpenJDK 64-Bit Server VM Temurin-21.0.6+7 (21.0.6+7-LTS, mixed mode, sharing, tiered, compressed oops, compressed class ptrs, parallel gc, linux-amd64)
GC Precious Log:
 CardTable entry size: 512
 CPUs: 2 total, 2 available
 Memory: 7824M
 Large Page Support: Disabled
 NUMA Support: Disabled
 Compressed Oops: Enabled (32-bit)
 Alignments: Space 512K, Generation 512K, Heap 2M
 Heap Min Capacity: 100M
 Heap Initial Capacity: 100M
 Heap Max Capacity: 1G
 Pre-touch: Disabled
 Parallel Workers: 2
Heap:
 PSYoungGen      total 22016K, used 21650K [0x00000000eab00000, 0x00000000ec600000, 0x0000000100000000)
  eden space 18944K, 100% used [0x00000000eab00000,0x00000000ebd80000,0x00000000ebd80000)
  from space 3072K, 88% used [0x00000000ec300000,0x00000000ec5a4a30,0x00000000ec600000)
  to   space 3584K, 0% used [0x00000000ebf00000,0x00000000ebf00000,0x00000000ec280000)
 ParOldGen       total 68608K, used 49241K [0x00000000c0000000, 0x00000000c4300000, 0x00000000eab00000)
  object space 68608K, 71% used [0x00000000c0000000,0x00000000c3016540,0x00000000c4300000)
 Metaspace       used 50855K, committed 52032K, reserved 1114112K
  class space    used 5441K, committed 5952K, reserved 1048576K
GC Heap History (20 events):
Event: 21,763 GC heap before
{Heap before GC invocations=21 (full 2):
 PSYoungGen      total 22528K, used 22496K [0x00000000eab00000, 0x00000000ec880000, 0x0000000100000000)
  eden space 21504K, 100% used [0x00000000eab00000,0x00000000ec000000,0x00000000ec000000)
  from space 1024K, 96% used [0x00000000ec400000,0x00000000ec4f8010,0x00000000ec500000)
  to   space 4096K, 0% used [0x00000000ec000000,0x00000000ec000000,0x00000000ec400000)
 ParOldGen       total 68608K, used 26792K [0x00000000c0000000, 0x00000000c4300000, 0x00000000eab00000)
  object space 68608K, 39% used [0x00000000c0000000,0x00000000c1a2a2a0,0x00000000c4300000)
 Metaspace       used 46285K, committed 47488K, reserved 1114112K
  class space    used 4882K, committed 5376K, reserved 1048576K
}
Event: 21,772 GC heap after
{Heap after GC invocations=21 (full 2):
 PSYoungGen      total 23552K, used 1842K [0x00000000eab00000, 0x00000000ec500000, 0x0000000100000000)
  eden space 21504K, 0% used [0x00000000eab00000,0x00000000eab00000,0x00000000ec000000)
  from space 2048K, 89% used [0x00000000ec000000,0x00000000ec1cca60,0x00000000ec200000)
  to   space 2560K, 0% used [0x00000000ec280000,0x00000000ec280000,0x00000000ec500000)
 ParOldGen       total 68608K, used 27766K [0x00000000c0000000, 0x00000000c4300000, 0x00000000eab00000)
  object space 68608K, 40% used [0x00000000c0000000,0x00000000c1b1da38,0x00000000c4300000)
 Metaspace       used 46285K, committed 47488K, reserved 1114112K
  class space    used 4882K, committed 5376K, reserved 1048576K
}
Event: 22,303 GC heap before
{Heap before GC invocations=22 (full 2):
 PSYoungGen      total 23552K, used 23346K [0x00000000eab00000, 0x00000000ec500000, 0x0000000100000000)
  eden space 21504K, 100% used [0x00000000eab00000,0x00000000ec000000,0x00000000ec000000)
  from space 2048K, 89% used [0x00000000ec000000,0x00000000ec1cca60,0x00000000ec200000)
  to   space 2560K, 0% used [0x00000000ec280000,0x00000000ec280000,0x00000000ec500000)
 ParOldGen       total 68608K, used 27766K [0x00000000c0000000, 0x00000000c4300000, 0x00000000eab00000)
  object space 68608K, 40% used [0x00000000c0000000,0x00000000c1b1da38,0x00000000c4300000)
 Metaspace       used 47649K, committed 48896K, reserved 1114112K
  class space    used 5055K, committed 5568K, reserved 1048576K
}
Event: 22,320 GC heap after
{Heap after GC invocations=22 (full 2):
 PSYoungGen      total 21504K, used 2531K [0x00000000eab00000, 0x00000000eca00000, 0x0000000100000000)
  eden space 18944K, 0% used [0x00000000eab00000,0x00000000eab00000,0x00000000ebd80000)
  from space 2560K, 98% used [0x00000000ec280000,0x00000000ec4f8e50,0x00000000ec500000)
  to   space 5120K, 0% used [0x00000000ebd80000,0x00000000ebd80000,0x00000000ec280000)
 ParOldGen       total 68608K, used 29682K [0x00000000c0000000, 0x00000000c4300000, 0x00000000eab00000)
  object space 68608K, 43% used [0x00000000c0000000,0x00000000c1cfcaf8,0x00000000c4300000)
 Metaspace       used 47649K, committed 48896K, reserved 1114112K
  class space    used 5055K, committed 5568K, reserved 1048576K
}
Event: 22,614 GC heap before
{Heap before GC invocations=23 (full 2):
 PSYoungGen      total 21504K, used 21475K [0x00000000eab00000, 0x00000000eca00000, 0x0000000100000000)
  eden space 18944K, 100% used [0x00000000eab00000,0x00000000ebd80000,0x00000000ebd80000)
  from space 2560K, 98% used [0x00000000ec280000,0x00000000ec4f8e50,0x00000000ec500000)
  to   space 5120K, 0% used [0x00000000ebd80000,0x00000000ebd80000,0x00000000ec280000)
 ParOldGen       total 68608K, used 29682K [0x00000000c0000000, 0x00000000c4300000, 0x00000000eab00000)
  object space 68608K, 43% used [0x00000000c0000000,0x00000000c1cfcaf8,0x00000000c4300000)
 Metaspace       used 48157K, committed 49472K, reserved 1114112K
  class space    used 5134K, committed 5696K, reserved 1048576K
}
Event: 22,619 GC heap after
{Heap after GC invocations=23 (full 2):
 PSYoungGen      total 21504K, used 2465K [0x00000000eab00000, 0x00000000ec480000, 0x0000000100000000)
  eden space 18944K, 0% used [0x00000000eab00000,0x00000000eab00000,0x00000000ebd80000)
  from space 2560K, 96% used [0x00000000ebd80000,0x00000000ebfe8430,0x00000000ec000000)
  to   space 3584K, 0% used [0x00000000ec100000,0x00000000ec100000,0x00000000ec480000)
 ParOldGen       total 68608K, used 31849K [0x00000000c0000000, 0x00000000c4300000, 0x00000000eab00000)
  object space 68608K, 46% used [0x00000000c0000000,0x00000000c1f1a4a0,0x00000000c4300000)
 Metaspace       used 48157K, committed 49472K, reserved 1114112K
  class space    used 5134K, committed 5696K, reserved 1048576K
}
Event: 22,923 GC heap before
{Heap before GC invocations=24 (full 2):
 PSYoungGen      total 21504K, used 21409K [0x00000000eab00000, 0x00000000ec480000, 0x0000000100000000)
  eden space 18944K, 100% used [0x00000000eab00000,0x00000000ebd80000,0x00000000ebd80000)
  from space 2560K, 96% used [0x00000000ebd80000,0x00000000ebfe8430,0x00000000ec000000)
  to   space 3584K, 0% used [0x00000000ec100000,0x00000000ec100000,0x00000000ec480000)
 ParOldGen       total 68608K, used 31849K [0x00000000c0000000, 0x00000000c4300000, 0x00000000eab00000)
  object space 68608K, 46% used [0x00000000c0000000,0x00000000c1f1a4a0,0x00000000c4300000)
 Metaspace       used 48519K, committed 49792K, reserved 1114112K
  class space    used 5179K, committed 5696K, reserved 1048576K
}
Event: 22,932 GC heap after
{Heap after GC invocations=24 (full 2):
 PSYoungGen      total 22528K, used 3098K [0x00000000eab00000, 0x00000000ec480000, 0x0000000100000000)
  eden space 18944K, 0% used [0x00000000eab00000,0x00000000eab00000,0x00000000ebd80000)
  from space 3584K, 86% used [0x00000000ec100000,0x00000000ec406af0,0x00000000ec480000)
  to   space 3584K, 0% used [0x00000000ebd80000,0x00000000ebd80000,0x00000000ec100000)
 ParOldGen       total 68608K, used 34024K [0x00000000c0000000, 0x00000000c4300000, 0x00000000eab00000)
  object space 68608K, 49% used [0x00000000c0000000,0x00000000c213a158,0x00000000c4300000)
 Metaspace       used 48519K, committed 49792K, reserved 1114112K
  class space    used 5179K, committed 5696K, reserved 1048576K
}
Event: 23,192 GC heap before
{Heap before GC invocations=25 (full 2):
 PSYoungGen      total 22528K, used 22042K [0x00000000eab00000, 0x00000000ec480000, 0x0000000100000000)
  eden space 18944K, 100% used [0x00000000eab00000,0x00000000ebd80000,0x00000000ebd80000)
  from space 3584K, 86% used [0x00000000ec100000,0x00000000ec406af0,0x00000000ec480000)
  to   space 3584K, 0% used [0x00000000ebd80000,0x00000000ebd80000,0x00000000ec100000)
 ParOldGen       total 68608K, used 34024K [0x00000000c0000000, 0x00000000c4300000, 0x00000000eab00000)
  object space 68608K, 49% used [0x00000000c0000000,0x00000000c213a158,0x00000000c4300000)
 Metaspace       used 48748K, committed 50048K, reserved 1114112K
  class space    used 5210K, committed 5760K, reserved 1048576K
}
Event: 23,204 GC heap after
{Heap after GC invocations=25 (full 2):
 PSYoungGen      total 21504K, used 2467K [0x00000000eab00000, 0x00000000ec380000, 0x0000000100000000)
  eden space 18944K, 0% used [0x00000000eab00000,0x00000000eab00000,0x00000000ebd80000)
  from space 2560K, 96% used [0x00000000ebd80000,0x00000000ebfe8ed0,0x00000000ec000000)
  to   space 3072K, 0% used [0x00000000ec080000,0x00000000ec080000,0x00000000ec380000)
 ParOldGen       total 68608K, used 37009K [0x00000000c0000000, 0x00000000c4300000, 0x00000000eab00000)
  object space 68608K, 53% used [0x00000000c0000000,0x00000000c2424710,0x00000000c4300000)
 Metaspace       used 48748K, committed 50048K, reserved 1114112K
  class space    used 5210K, committed 5760K, reserved 1048576K
}
Event: 23,388 GC heap before
{Heap before GC invocations=26 (full 2):
 PSYoungGen      total 21504K, used 21411K [0x00000000eab00000, 0x00000000ec380000, 0x0000000100000000)
  eden space 18944K, 100% used [0x00000000eab00000,0x00000000ebd80000,0x00000000ebd80000)
  from space 2560K, 96% used [0x00000000ebd80000,0x00000000ebfe8ed0,0x00000000ec000000)
  to   space 3072K, 0% used [0x00000000ec080000,0x00000000ec080000,0x00000000ec380000)
 ParOldGen       total 68608K, used 37009K [0x00000000c0000000, 0x00000000c4300000, 0x00000000eab00000)
  object space 68608K, 53% used [0x00000000c0000000,0x00000000c2424710,0x00000000c4300000)
 Metaspace       used 48936K, committed 50176K, reserved 1114112K
  class space    used 5234K, committed 5760K, reserved 1048576K
}
Event: 23,425 GC heap after
{Heap after GC invocations=26 (full 2):
 PSYoungGen      total 21504K, used 2384K [0x00000000eab00000, 0x00000000ec300000, 0x0000000100000000)
  eden space 18944K, 0% used [0x00000000eab00000,0x00000000eab00000,0x00000000ebd80000)
  from space 2560K, 93% used [0x00000000ec080000,0x00000000ec2d4268,0x00000000ec300000)
  to   space 2560K, 0% used [0x00000000ebd80000,0x00000000ebd80000,0x00000000ec000000)
 ParOldGen       total 68608K, used 39417K [0x00000000c0000000, 0x00000000c4300000, 0x00000000eab00000)
  object space 68608K, 57% used [0x00000000c0000000,0x00000000c267e458,0x00000000c4300000)
 Metaspace       used 48936K, committed 50176K, reserved 1114112K
  class space    used 5234K, committed 5760K, reserved 1048576K
}
Event: 23,667 GC heap before
{Heap before GC invocations=27 (full 2):
 PSYoungGen      total 21504K, used 21328K [0x00000000eab00000, 0x00000000ec300000, 0x0000000100000000)
  eden space 18944K, 100% used [0x00000000eab00000,0x00000000ebd80000,0x00000000ebd80000)
  from space 2560K, 93% used [0x00000000ec080000,0x00000000ec2d4268,0x00000000ec300000)
  to   space 2560K, 0% used [0x00000000ebd80000,0x00000000ebd80000,0x00000000ec000000)
 ParOldGen       total 68608K, used 39417K [0x00000000c0000000, 0x00000000c4300000, 0x00000000eab00000)
  object space 68608K, 57% used [0x00000000c0000000,0x00000000c267e458,0x00000000c4300000)
 Metaspace       used 49213K, committed 50432K, reserved 1114112K
  class space    used 5268K, committed 5824K, reserved 1048576K
}
Event: 23,682 GC heap after
{Heap after GC invocations=27 (full 2):
 PSYoungGen      total 21504K, used 2532K [0x00000000eab00000, 0x00000000ec380000, 0x0000000100000000)
  eden space 18944K, 0% used [0x00000000eab00000,0x00000000eab00000,0x00000000ebd80000)
  from space 2560K, 98% used [0x00000000ebd80000,0x00000000ebff9320,0x00000000ec000000)
  to   space 3072K, 0% used [0x00000000ec080000,0x00000000ec080000,0x00000000ec380000)
 ParOldGen       total 68608K, used 41959K [0x00000000c0000000, 0x00000000c4300000, 0x00000000eab00000)
  object space 68608K, 61% used [0x00000000c0000000,0x00000000c28f9d30,0x00000000c4300000)
 Metaspace       used 49213K, committed 50432K, reserved 1114112K
  class space    used 5268K, committed 5824K, reserved 1048576K
}
Event: 23,982 GC heap before
{Heap before GC invocations=28 (full 2):
 PSYoungGen      total 21504K, used 21476K [0x00000000eab00000, 0x00000000ec380000, 0x0000000100000000)
  eden space 18944K, 100% used [0x00000000eab00000,0x00000000ebd80000,0x00000000ebd80000)
  from space 2560K, 98% used [0x00000000ebd80000,0x00000000ebff9320,0x00000000ec000000)
  to   space 3072K, 0% used [0x00000000ec080000,0x00000000ec080000,0x00000000ec380000)
 ParOldGen       total 68608K, used 41959K [0x00000000c0000000, 0x00000000c4300000, 0x00000000eab00000)
  object space 68608K, 61% used [0x00000000c0000000,0x00000000c28f9d30,0x00000000c4300000)
 Metaspace       used 49861K, committed 51136K, reserved 1114112K
  class space    used 5342K, committed 5888K, reserved 1048576K
}
Event: 23,993 GC heap after
{Heap after GC invocations=28 (full 2):
 PSYoungGen      total 21504K, used 2425K [0x00000000eab00000, 0x00000000ec300000, 0x0000000100000000)
  eden space 18944K, 0% used [0x00000000eab00000,0x00000000eab00000,0x00000000ebd80000)
  from space 2560K, 94% used [0x00000000ec080000,0x00000000ec2de698,0x00000000ec300000)
  to   space 2560K, 0% used [0x00000000ebd80000,0x00000000ebd80000,0x00000000ec000000)
 ParOldGen       total 68608K, used 44432K [0x00000000c0000000, 0x00000000c4300000, 0x00000000eab00000)
  object space 68608K, 64% used [0x00000000c0000000,0x00000000c2b642f8,0x00000000c4300000)
 Metaspace       used 49861K, committed 51136K, reserved 1114112K
  class space    used 5342K, committed 5888K, reserved 1048576K
}
Event: 24,227 GC heap before
{Heap before GC invocations=29 (full 2):
 PSYoungGen      total 21504K, used 21369K [0x00000000eab00000, 0x00000000ec300000, 0x0000000100000000)
  eden space 18944K, 100% used [0x00000000eab00000,0x00000000ebd80000,0x00000000ebd80000)
  from space 2560K, 94% used [0x00000000ec080000,0x00000000ec2de698,0x00000000ec300000)
  to   space 2560K, 0% used [0x00000000ebd80000,0x00000000ebd80000,0x00000000ec000000)
 ParOldGen       total 68608K, used 44432K [0x00000000c0000000, 0x00000000c4300000, 0x00000000eab00000)
  object space 68608K, 64% used [0x00000000c0000000,0x00000000c2b642f8,0x00000000c4300000)
 Metaspace       used 50108K, committed 51328K, reserved 1114112K
  class space    used 5366K, committed 5888K, reserved 1048576K
}
Event: 24,238 GC heap after
{Heap after GC invocations=29 (full 2):
 PSYoungGen      total 21504K, used 2532K [0x00000000eab00000, 0x00000000ec880000, 0x0000000100000000)
  eden space 18944K, 0% used [0x00000000eab00000,0x00000000eab00000,0x00000000ebd80000)
  from space 2560K, 98% used [0x00000000ebd80000,0x00000000ebff9000,0x00000000ec000000)
  to   space 5632K, 0% used [0x00000000ec300000,0x00000000ec300000,0x00000000ec880000)
 ParOldGen       total 68608K, used 46820K [0x00000000c0000000, 0x00000000c4300000, 0x00000000eab00000)
  object space 68608K, 68% used [0x00000000c0000000,0x00000000c2db91e0,0x00000000c4300000)
 Metaspace       used 50108K, committed 51328K, reserved 1114112K
  class space    used 5366K, committed 5888K, reserved 1048576K
}
Event: 24,512 GC heap before
{Heap before GC invocations=30 (full 2):
 PSYoungGen      total 21504K, used 21476K [0x00000000eab00000, 0x00000000ec880000, 0x0000000100000000)
  eden space 18944K, 100% used [0x00000000eab00000,0x00000000ebd80000,0x00000000ebd80000)
  from space 2560K, 98% used [0x00000000ebd80000,0x00000000ebff9000,0x00000000ec000000)
  to   space 5632K, 0% used [0x00000000ec300000,0x00000000ec300000,0x00000000ec880000)
 ParOldGen       total 68608K, used 46820K [0x00000000c0000000, 0x00000000c4300000, 0x00000000eab00000)
  object space 68608K, 68% used [0x00000000c0000000,0x00000000c2db91e0,0x00000000c4300000)
 Metaspace       used 50392K, committed 51648K, reserved 1114112K
  class space    used 5392K, committed 5952K, reserved 1048576K
}
Event: 24,530 GC heap after
{Heap after GC invocations=30 (full 2):
 PSYoungGen      total 22016K, used 2706K [0x00000000eab00000, 0x00000000ec600000, 0x0000000100000000)
  eden space 18944K, 0% used [0x00000000eab00000,0x00000000eab00000,0x00000000ebd80000)
  from space 3072K, 88% used [0x00000000ec300000,0x00000000ec5a4a30,0x00000000ec600000)
  to   space 3584K, 0% used [0x00000000ebf00000,0x00000000ebf00000,0x00000000ec280000)
 ParOldGen       total 68608K, used 49241K [0x00000000c0000000, 0x00000000c4300000, 0x00000000eab00000)
  object space 68608K, 71% used [0x00000000c0000000,0x00000000c3016540,0x00000000c4300000)
 Metaspace       used 50392K, committed 51648K, reserved 1114112K
  class space    used 5392K, committed 5952K, reserved 1048576K
}

